<?xml version="1.0" encoding="UTF-8"?>
<!-- Generated by org.testng.reporters.JUnitReportReporter -->
<testsuite hostname="DESKTOP-O3LI34K" name="com.darkly.test.smoke.GcrLoginTest" tests="1" failures="0" timestamp="24 Feb 2020 19:32:05 GMT" time="9.005" errors="0">
  <testcase name="testSample" time="9.005" classname="com.darkly.test.smoke.GcrLoginTest"/>
</testsuite> <!-- com.darkly.test.smoke.GcrLoginTest -->
