<?xml version="1.0" encoding="UTF-8"?>
<!-- Generated by org.testng.reporters.JUnitReportReporter -->
<testsuite hostname="DESKTOP-O3LI34K" name="com.darkly.test.smoke.REv" tests="1" failures="0" timestamp="23 Feb 2020 16:01:37 GMT" time="9.923" errors="0">
  <testcase name="test_Gmail_Link" time="9.923" classname="com.darkly.test.smoke.REv"/>
</testsuite> <!-- com.darkly.test.smoke.REv -->
