<?xml version="1.0" encoding="UTF-8"?>
<!-- Generated by org.testng.reporters.JUnitReportReporter -->
<testsuite hostname="DESKTOP-O3LI34K" name="com.darkly.test.smoke.GcrLoginTest$TestSample" tests="1" failures="0" timestamp="24 Feb 2020 19:06:54 GMT" time="8.411" errors="0">
  <testcase name="testSample" time="8.411" classname="com.darkly.test.smoke.GcrLoginTest$TestSample"/>
</testsuite> <!-- com.darkly.test.smoke.GcrLoginTest$TestSample -->
